lobby
manual
modernize
air
ribbon
parachute
base
letter
doctor
hilarious
majority
sail
denial
association
revolution
wear
century
paper
posture
lighter
buttocks
eye
captivate
experienced
animal
board
glass
coat
guilt
gallon
entitlement
valley
studio
identification
brick
sense
explode
parameter
slump
ask
stuff
citizen
spin
alarm
up
tie
strain
perceive
gossip
slice
glance
violation
narrow
tablet
willpower
dull
party
shell
straight
scramble
is
hide
put
banquet
threat
civilian
adoption
visual
graduate
shower
ruin
presence
day
marriage
crown
indication
valley
beautiful
blame
laser
houseplant
sow
concede
foot
freshman
grandfather
dictionary
hotdog
